<?xml version="1.0" encoding="UTF-8"?>
<testsuite xmlns:xsi="http://www.w3.org/2001/XMLSchema-instance" xsi:noNamespaceSchemaLocation="https://maven.apache.org/surefire/maven-surefire-plugin/xsd/surefire-test-report-3.0.xsd" version="3.0" name="com.example.contacts.ContactsApplicationTests" time="2.14" tests="1" errors="0" skipped="0" failures="0">
  <properties>
[...]
</properties>
  <testcase name="contextLoads" classname="com.example.contacts.ContactsApplicationTests" time="0.305">
    <system-out><![CDATA[16:20:20.516 [main] INFO org.springframework.test.context.support.AnnotationConfigContextLoaderUtils -- Could not detect default configuration classes for test class [com.example.contacts.ContactsApplicationTests]: ContactsApplicationTests does not declare any static, non-private, non-final, nested classes annotated with @Configuration.
16:20:20.550 [main] INFO org.springframework.boot.test.context.SpringBootTestContextBootstrapper -- Found @SpringBootConfiguration com.example.contacts.ContactsApplication for test class com.example.contacts.ContactsApplicationTests

  .   ____          _            __ _ _
 /\\ / ___'_ __ _ _(_)_ __  __ _ \ \ \ \
( ( )\___ | '_ | '_| | '_ \/ _` | \ \ \ \
 \\/  ___)| |_)| | | | | || (_| |  ) ) ) )
  '  |____| .__|_| |_|_| |_\__, | / / / /
 =========|_|==============|___/=/_/_/_/
&amp#27;[32m :: Spring Boot :: &amp#27;[39m              &amp#27;[2m (v3.1.3)&amp#27;[0;39m

&amp#27;[2m-2025-06-05T16:20:20.711+10:00&amp#27;[0;39m &amp#27;[32m- INFO&amp#27;[0;39m &amp#27;[35m38608&amp#27;[0;39m &amp#27;[2m---&amp#27;[0;39m &amp#27;[2m[           main]&amp#27;[0;39m &amp#27;[36mc.e.contacts.ContactsApplicationTests   &amp#27;[0;39m &amp#27;[2m:&amp#27;[0;39m Starting ContactsApplicationTests using Java 21.0.2 with PID 38608 (started by pradeepl in /Users/pradeepl/source/repos/contacts/contacts-api)
-&amp#27;[2m-2025-06-05T16:20:20.713+10:00&amp#27;[0;39m &amp#27;[32m-DEBUG&amp#27;[0;39m &amp#27;[35m38608&amp#27;[0;39m &amp#27;[2m---&amp#27;[0;39m &amp#27;[2m[           main]&amp#27;[0;39m &amp#27;[36mc.e.contacts.ContactsApplicationTests   &amp#27;[0;39m &amp#27;[2m:&amp#27;[0;39m Running with Spring Boot v3.1.3, Spring v6.0.11
-&amp#27;[2m-2025-06-05T16:20:20.713+10:00&amp#27;[0;39m &amp#27;[32m- INFO&amp#27;[0;39m &amp#27;[35m38608&amp#27;[0;39m &amp#27;[2m---&amp#27;[0;39m &amp#27;[2m[           main]&amp#27;[0;39m &amp#27;[36mc.e.contacts.ContactsApplicationTests   &amp#27;[0;39m &amp#27;[2m:&amp#27;[0;39m The following 1 profile is active: "test"
-&amp#27;[2m-2025-06-05T16:20:20.720+10:00&amp#27;[0;39m &amp#27;[32m-DEBUG&amp#27;[0;39m &amp#27;[35m38608&amp#27;[0;39m &amp#27;[2m---&amp#27;[0;39m &amp#27;[2m[           main]&amp#27;[0;39m &amp#27;[36mo.s.w.c.s.GenericWebApplicationContext  &amp#27;[0;39m &amp#27;[2m:&amp#27;[0;39m Refreshing org.springframework.web.context.support.GenericWebApplicationContext@d1f74b8
-&amp#27;[2m-2025-06-05T16:20:21.055+10:00&amp#27;[0;39m &amp#27;[32m- INFO&amp#27;[0;39m &amp#27;[35m38608&amp#27;[0;39m &amp#27;[2m---&amp#27;[0;39m &amp#27;[2m[           main]&amp#27;[0;39m &amp#27;[36m.s.d.r.c.RepositoryConfigurationDelegate&amp#27;[0;39m &amp#27;[2m:&amp#27;[0;39m Bootstrapping Spring Data JPA repositories in DEFAULT mode.
-&amp#27;[2m-2025-06-05T16:20:21.073+10:00&amp#27;[0;39m &amp#27;[32m- INFO&amp#27;[0;39m &amp#27;[35m38608&amp#27;[0;39m &amp#27;[2m---&amp#27;[0;39m &amp#27;[2m[           main]&amp#27;[0;39m &amp#27;[36m.s.d.r.c.RepositoryConfigurationDelegate&amp#27;[0;39m &amp#27;[2m:&amp#27;[0;39m Finished Spring Data repository scanning in 14 ms. Found 1 JPA repository interfaces.
-&amp#27;[2m-2025-06-05T16:20:21.236+10:00&amp#27;[0;39m &amp#27;[32m- INFO&amp#27;[0;39m &amp#27;[35m38608&amp#27;[0;39m &amp#27;[2m---&amp#27;[0;39m &amp#27;[2m[           main]&amp#27;[0;39m &amp#27;[36mo.hibernate.jpa.internal.util.LogHelper &amp#27;[0;39m &amp#27;[2m:&amp#27;[0;39m HHH000204: Processing PersistenceUnitInfo [name: default]
-&amp#27;[2m-2025-06-05T16:20:21.255+10:00&amp#27;[0;39m &amp#27;[32m- INFO&amp#27;[0;39m &amp#27;[35m38608&amp#27;[0;39m &amp#27;[2m---&amp#27;[0;39m &amp#27;[2m[           main]&amp#27;[0;39m &amp#27;[36morg.hibernate.Version                   &amp#27;[0;39m &amp#27;[2m:&amp#27;[0;39m HHH000412: Hibernate ORM core version 6.2.7.Final
-&amp#27;[2m-2025-06-05T16:20:21.256+10:00&amp#27;[0;39m &amp#27;[32m- INFO&amp#27;[0;39m &amp#27;[35m38608&amp#27;[0;39m &amp#27;[2m---&amp#27;[0;39m &amp#27;[2m[           main]&amp#27;[0;39m &amp#27;[36morg.hibernate.cfg.Environment           &amp#27;[0;39m &amp#27;[2m:&amp#27;[0;39m HHH000406: Using bytecode reflection optimizer
-&amp#27;[2m-2025-06-05T16:20:21.315+10:00&amp#27;[0;39m &amp#27;[32m- INFO&amp#27;[0;39m &amp#27;[35m38608&amp#27;[0;39m &amp#27;[2m---&amp#27;[0;39m &amp#27;[2m[           main]&amp#27;[0;39m &amp#27;[36mo.h.b.i.BytecodeProviderInitiator       &amp#27;[0;39m &amp#27;[2m:&amp#27;[0;39m HHH000021: Bytecode provider name : bytebuddy
-&amp#27;[2m-2025-06-05T16:20:21.358+10:00&amp#27;[0;39m &amp#27;[32m- INFO&amp#27;[0;39m &amp#27;[35m38608&amp#27;[0;39m &amp#27;[2m---&amp#27;[0;39m &amp#27;[2m[           main]&amp#27;[0;39m &amp#27;[36mo.s.o.j.p.SpringPersistenceUnitInfo     &amp#27;[0;39m &amp#27;[2m:&amp#27;[0;39m No LoadTimeWeaver setup: ignoring JPA class transformer
-&amp#27;[2m-2025-06-05T16:20:21.364+10:00&amp#27;[0;39m &amp#27;[32m- INFO&amp#27;[0;39m &amp#27;[35m38608&amp#27;[0;39m &amp#27;[2m---&amp#27;[0;39m &amp#27;[2m[           main]&amp#27;[0;39m &amp#27;[36mcom.zaxxer.hikari.HikariDataSource      &amp#27;[0;39m &amp#27;[2m:&amp#27;[0;39m HikariPool-1 - Starting...
-&amp#27;[2m-2025-06-05T16:20:21.462+10:00&amp#27;[0;39m &amp#27;[32m- INFO&amp#27;[0;39m &amp#27;[35m38608&amp#27;[0;39m &amp#27;[2m---&amp#27;[0;39m &amp#27;[2m[           main]&amp#27;[0;39m &amp#27;[36mcom.zaxxer.hikari.pool.HikariPool       &amp#27;[0;39m &amp#27;[2m:&amp#27;[0;39m HikariPool-1 - Added connection conn0: url=jdbc:h2:mem:testdb user=SA
-&amp#27;[2m-2025-06-05T16:20:21.463+10:00&amp#27;[0;39m &amp#27;[32m- INFO&amp#27;[0;39m &amp#27;[35m38608&amp#27;[0;39m &amp#27;[2m---&amp#27;[0;39m &amp#27;[2m[           main]&amp#27;[0;39m &amp#27;[36mcom.zaxxer.hikari.HikariDataSource      &amp#27;[0;39m &amp#27;[2m:&amp#27;[0;39m HikariPool-1 - Start completed.
-&amp#27;[2m-2025-06-05T16:20:21.538+10:00&amp#27;[0;39m &amp#27;[32m- INFO&amp#27;[0;39m &amp#27;[35m38608&amp#27;[0;39m &amp#27;[2m---&amp#27;[0;39m &amp#27;[2m[           main]&amp#27;[0;39m &amp#27;[36mo.h.b.i.BytecodeProviderInitiator       &amp#27;[0;39m &amp#27;[2m:&amp#27;[0;39m HHH000021: Bytecode provider name : bytebuddy
-&amp#27;[2m-2025-06-05T16:20:21.745+10:00&amp#27;[0;39m &amp#27;[32m- INFO&amp#27;[0;39m &amp#27;[35m38608&amp#27;[0;39m &amp#27;[2m---&amp#27;[0;39m &amp#27;[2m[           main]&amp#27;[0;39m &amp#27;[36mo.h.e.t.j.p.i.JtaPlatformInitiator      &amp#27;[0;39m &amp#27;[2m:&amp#27;[0;39m HHH000490: Using JtaPlatform implementation: [org.hibernate.engine.transaction.jta.platform.internal.NoJtaPlatform]
-Hibernate: drop table if exists contact cascade 
Hibernate: drop sequence if exists contact_seq
Hibernate: create sequence contact_seq start with 1 increment by 50
Hibernate: create table contact (id bigint not null, name varchar(100), email varchar(255), phone varchar(255), primary key (id))
&amp#27;[2m-2025-06-05T16:20:21.755+10:00&amp#27;[0;39m &amp#27;[32m- INFO&amp#27;[0;39m &amp#27;[35m38608&amp#27;[0;39m &amp#27;[2m---&amp#27;[0;39m &amp#27;[2m[           main]&amp#27;[0;39m &amp#27;[36mj.LocalContainerEntityManagerFactoryBean&amp#27;[0;39m &amp#27;[2m:&amp#27;[0;39m Initialized JPA EntityManagerFactory for persistence unit 'default'
-&amp#27;[2m-2025-06-05T16:20:21.964+10:00&amp#27;[0;39m &amp#27;[33m- WARN&amp#27;[0;39m &amp#27;[35m38608&amp#27;[0;39m &amp#27;[2m---&amp#27;[0;39m &amp#27;[2m[           main]&amp#27;[0;39m &amp#27;[36mJpaBaseConfiguration$JpaWebConfiguration&amp#27;[0;39m &amp#27;[2m:&amp#27;[0;39m spring.jpa.open-in-view is enabled by default. Therefore, database queries may be performed during view rendering. Explicitly configure spring.jpa.open-in-view to disable this warning
-&amp#27;[2m-2025-06-05T16:20:22.017+10:00&amp#27;[0;39m &amp#27;[32m-DEBUG&amp#27;[0;39m &amp#27;[35m38608&amp#27;[0;39m &amp#27;[2m---&amp#27;[0;39m &amp#27;[2m[           main]&amp#27;[0;39m &amp#27;[36ms.w.s.m.m.a.RequestMappingHandlerAdapter&amp#27;[0;39m &amp#27;[2m:&amp#27;[0;39m ControllerAdvice beans: 0 @ModelAttribute, 0 @InitBinder, 1 RequestBodyAdvice, 1 ResponseBodyAdvice
-&amp#27;[2m-2025-06-05T16:20:22.031+10:00&amp#27;[0;39m &amp#27;[32m- INFO&amp#27;[0;39m &amp#27;[35m38608&amp#27;[0;39m &amp#27;[2m---&amp#27;[0;39m &amp#27;[2m[           main]&amp#27;[0;39m &amp#27;[36mo.s.b.a.w.s.WelcomePageHandlerMapping   &amp#27;[0;39m &amp#27;[2m:&amp#27;[0;39m Adding welcome page: class path resource [static/index.html]
-&amp#27;[2m-2025-06-05T16:20:22.053+10:00&amp#27;[0;39m &amp#27;[32m-DEBUG&amp#27;[0;39m &amp#27;[35m38608&amp#27;[0;39m &amp#27;[2m---&amp#27;[0;39m &amp#27;[2m[           main]&amp#27;[0;39m &amp#27;[36ms.w.s.m.m.a.RequestMappingHandlerMapping&amp#27;[0;39m &amp#27;[2m:&amp#27;[0;39m 33 mappings in 'requestMappingHandlerMapping'
-&amp#27;[2m-2025-06-05T16:20:22.061+10:00&amp#27;[0;39m &amp#27;[32m-DEBUG&amp#27;[0;39m &amp#27;[35m38608&amp#27;[0;39m &amp#27;[2m---&amp#27;[0;39m &amp#27;[2m[           main]&amp#27;[0;39m &amp#27;[36mo.s.w.s.handler.SimpleUrlHandlerMapping &amp#27;[0;39m &amp#27;[2m:&amp#27;[0;39m Patterns [/webjars/**, /**, /swagger-ui*/*swagger-initializer.js, /swagger-ui*/**] in 'resourceHandlerMapping'
-&amp#27;[2m-2025-06-05T16:20:22.064+10:00&amp#27;[0;39m &amp#27;[32m-DEBUG&amp#27;[0;39m &amp#27;[35m38608&amp#27;[0;39m &amp#27;[2m---&amp#27;[0;39m &amp#27;[2m[           main]&amp#27;[0;39m &amp#27;[36m.m.m.a.ExceptionHandlerExceptionResolver&amp#27;[0;39m &amp#27;[2m:&amp#27;[0;39m ControllerAdvice beans: 2 @ExceptionHandler, 1 ResponseBodyAdvice
-&amp#27;[2m-2025-06-05T16:20:22.177+10:00&amp#27;[0;39m &amp#27;[32m- INFO&amp#27;[0;39m &amp#27;[35m38608&amp#27;[0;39m &amp#27;[2m---&amp#27;[0;39m &amp#27;[2m[           main]&amp#27;[0;39m &amp#27;[36mo.s.b.a.h2.H2ConsoleAutoConfiguration   &amp#27;[0;39m &amp#27;[2m:&amp#27;[0;39m H2 console available at '/h2-console'. Database available at 'jdbc:h2:mem:testdb'
-&amp#27;[2m-2025-06-05T16:20:22.187+10:00&amp#27;[0;39m &amp#27;[32m- INFO&amp#27;[0;39m &amp#27;[35m38608&amp#27;[0;39m &amp#27;[2m---&amp#27;[0;39m &amp#27;[2m[           main]&amp#27;[0;39m &amp#27;[36mo.s.b.a.e.web.EndpointLinksResolver     &amp#27;[0;39m &amp#27;[2m:&amp#27;[0;39m Exposing 15 endpoint(s) beneath base path '/actuator'
-&amp#27;[2m-2025-06-05T16:20:22.217+10:00&amp#27;[0;39m &amp#27;[32m- INFO&amp#27;[0;39m &amp#27;[35m38608&amp#27;[0;39m &amp#27;[2m---&amp#27;[0;39m &amp#27;[2m[           main]&amp#27;[0;39m &amp#27;[36mc.e.contacts.ContactsApplicationTests   &amp#27;[0;39m &amp#27;[2m:&amp#27;[0;39m Started ContactsApplicationTests in 1.621 seconds (process running for 2.035)
-Hibernate: select next value for contact_seq
Hibernate: insert into contact (email,name,phone,id) values (?,?,?,?)
Preloading com.example.contacts.api.models.Contact@661d49d1
Hibernate: select next value for contact_seq
Hibernate: insert into contact (email,name,phone,id) values (?,?,?,?)
Preloading com.example.contacts.api.models.Contact@48e859f7
]]></system-out>
    <system-err><![CDATA[WARNING: A Java agent has been loaded dynamically (/Users/pradeepl/.m2/repository/net/bytebuddy/byte-buddy-agent/1.14.6/byte-buddy-agent-1.14.6.jar)
WARNING: If a serviceability tool is in use, please run with -XX:+EnableDynamicAgentLoading to hide this warning
WARNING: If a serviceability tool is not in use, please run with -Djdk.instrument.traceUsage for more information
WARNING: Dynamic loading of agents will be disallowed by default in a future release
]]></system-err>
  </testcase>
</testsuite>